0 verbose cli C:\Program Files\nodejs\node.exe C:\Program Files\nodejs\node_modules\npm\bin\npm-cli.js
1 info using npm@10.5.0
2 info using node@v20.12.2
3 timing npm:load:whichnode Completed in 3ms
4 timing config:load:defaults Completed in 2ms
5 timing config:load:file:C:\Program Files\nodejs\node_modules\npm\npmrc Completed in 13ms
6 timing config:load:builtin Completed in 14ms
7 timing config:load:cli Completed in 6ms
8 timing config:load:env Completed in 1ms
9 timing config:load:file:C:\Users\User\Documents\madlibs\.npmrc Completed in 0ms
10 timing config:load:project Completed in 4ms
11 timing config:load:file:C:\Users\User\.npmrc Completed in 2ms
12 timing config:load:user Completed in 2ms
13 timing config:load:file:C:\Users\User\Documents\madlibs\UsersUserAppDataRoamingnpm\etc\npmrc Completed in 0ms
14 timing config:load:global Completed in 0ms
15 timing config:load:setEnvs Completed in 1ms
16 timing config:load Completed in 32ms
17 timing npm:load:configload Completed in 32ms
18 timing config:load:flatten Completed in 2ms
19 timing npm:load:mkdirpcache Completed in 0ms
20 timing npm:load:mkdirplogs Completed in 1ms
21 verbose title npm install
22 verbose argv "install"
23 timing npm:load:setTitle Completed in 1ms
24 timing npm:load:display Completed in 0ms
25 verbose logfile logs-max:10 dir:C:\Users\User\Documents\madlibs\UsersUserAppDataLocalnpm-cache\_logs\2024-06-30T19_36_24_073Z-
26 verbose logfile C:\Users\User\Documents\madlibs\UsersUserAppDataLocalnpm-cache\_logs\2024-06-30T19_36_24_073Z-debug-0.log
27 timing npm:load:logFile Completed in 10ms
28 timing npm:load:timers Completed in 1ms
29 timing npm:load:configScope Completed in 0ms
30 timing npm:load Completed in 78ms
31 timing config:load:flatten Completed in 0ms
32 timing arborist:ctor Completed in 1ms
33 silly logfile done cleaning log files
34 timing arborist:ctor Completed in 0ms
35 timing idealTree:init Completed in 12ms
36 timing idealTree:userRequests Completed in 0ms
37 silly idealTree buildDeps
38 timing idealTree:#root Completed in 0ms
39 timing idealTree:buildDeps Completed in 2ms
40 timing idealTree:fixDepFlags Completed in 0ms
41 timing idealTree Completed in 16ms
42 timing reify:loadTrees Completed in 17ms
43 timing reify:diffTrees Completed in 1ms
44 silly reify moves {}
45 timing reify:retireShallow Completed in 2ms
46 timing reify:createSparse Completed in 0ms
47 timing reify:loadBundles Completed in 0ms
48 timing reify:unpack Completed in 0ms
49 timing reify:unretire Completed in 0ms
50 timing build:queue Completed in 0ms
51 timing build:deps Completed in 0ms
52 timing build Completed in 1ms
53 timing reify:build Completed in 1ms
54 timing reify:trash Completed in 0ms
55 timing reify:save Completed in 2ms
56 timing reify Completed in 143ms
57 timing command:install Completed in 151ms
58 verbose stack Error: Could not read package.json: Error: ENOENT: no such file or directory, open 'C:\Users\User\Documents\madlibs\package.json'
59 verbose cwd C:\Users\User\Documents\madlibs
60 verbose Windows_NT 10.0.22631
61 verbose node v20.12.2
62 verbose npm  v10.5.0
63 error code ENOENT
64 error syscall open
65 error path C:\Users\User\Documents\madlibs\package.json
66 error errno -4058
67 error enoent Could not read package.json: Error: ENOENT: no such file or directory, open 'C:\Users\User\Documents\madlibs\package.json'
68 error enoent This is related to npm not being able to find a file.
68 error enoent
69 verbose exit -4058
70 timing npm Completed in 802ms
71 verbose code -4058
72 error A complete log of this run can be found in: C:\Users\User\Documents\madlibs\UsersUserAppDataLocalnpm-cache\_logs\2024-06-30T19_36_24_073Z-debug-0.log
